125
2 147 219
2 19 193
2 175 231
2 60 324
2 181 367
2 5 409
2 288 385
2 208 214
2 192 273
2 65 271
2 419 430
2 283 320
2 10 277
2 61 431
2 187 429
2 218 311
2 18 249
2 121 139
2 123 162
2 345 351
2 348 353
2 336 424
2 31 427
2 242 412
2 362 388
2 149 159
2 24 422
2 364 394
2 23 407
2 328 400
2 235 403
2 105 392
2 230 397
2 163 302
2 99 180
2 13 399
2 55 177
2 91 391
2 90 384
2 188 225
2 6 276
2 278 282
2 274 375
2 204 268
2 95 263
2 29 269
2 148 411
2 359 363
2 151 153
2 27 432
2 361 372
2 152 164
2 32 46
2 26 401
2 144 395
2 25 425
2 347 390
2 237 379
2 233 378
2 341 377
2 36 45
2 244 245
2 138 373
2 339 365
2 136 325
3 203 286 499
3 41 97 498
3 72 333 497
3 332 441 496
3 256 405 495
3 40 482 494
3 202 423 493
3 292 420 492
3 0 28 491
3 201 369 490
3 73 86 489
3 200 252 488
3 291 326 487
3 199 300 486
3 197 485 485
3 334 352 484
3 74 93 483
3 1 12 481
3 42 165 480
3 294 421 479
3 289 306 478
3 114 196 477
3 43 190 476
3 113 414 475
3 71 279 474
3 295 330 473
3 258 315 472
3 38 358 471
3 454 468 470
3 337 350 469
3 69 299 467
3 120 154 466
3 2 35 465
3 3 14 464
3 111 322 463
3 4 47 462
3 298 410 461
3 7 17 460
3 189 371 459
3 8 33 458
3 11 141 457
3 182 212 456
3 108 266 455
3 240 443 453
3 48 156 452
3 21 448 451
3 158 213 450
3 319 329 449
3 52 221 447
3 155 166 446
3 234 264 445
3 20 170 444
3 236 301 442
3 15 376 440
3 64 89 439
3 210 261 438
3 117 310 437
3 34 433 436
3 356 387 435
3 360 396 434
score: 8021.000000
